Determining if the pthread_create exist failed with the following output:
Change Dir: /home/ee106/ros_ws/security/build/CMakeFiles/CMakeTmp

Run Build Command:/usr/bin/make "cmTryCompileExec4254833448/fast"
/usr/bin/make -f CMakeFiles/cmTryCompileExec4254833448.dir/build.make CMakeFiles/cmTryCompileExec4254833448.dir/build
make[1]: Entering directory `/home/ee106/ros_ws/security/build/CMakeFiles/CMakeTmp'
/usr/bin/cmake -E cmake_progress_report /home/ee106/ros_ws/security/build/CMakeFiles/CMakeTmp/CMakeFiles 1
Building C object CMakeFiles/cmTryCompileExec4254833448.dir/CheckSymbolExists.c.o
/usr/bin/cc    -o CMakeFiles/cmTryCompileExec4254833448.dir/CheckSymbolExists.c.o   -c /home/ee106/ros_ws/security/build/CMakeFiles/CMakeTmp/CheckSymbolExists.c
Linking C executable cmTryCompileExec4254833448
/usr/bin/cmake -E cmake_link_script CMakeFiles/cmTryCompileExec4254833448.dir/link.txt --verbose=1
/usr/bin/cc       CMakeFiles/cmTryCompileExec4254833448.dir/CheckSymbolExists.c.o  -o cmTryCompileExec4254833448 -rdynamic 
CMakeFiles/cmTryCompileExec4254833448.dir/CheckSymbolExists.c.o: In function `main':
CheckSymbolExists.c:(.text+0x16): undefined reference to `pthread_create'
collect2: error: ld returned 1 exit status
make[1]: Leaving directory `/home/ee106/ros_ws/security/build/CMakeFiles/CMakeTmp'
make[1]: *** [cmTryCompileExec4254833448] Error 1
make: *** [cmTryCompileExec4254833448/fast] Error 2

File /home/ee106/ros_ws/security/build/CMakeFiles/CMakeTmp/CheckSymbolExists.c:
/* */
#include <pthread.h>

int main(int argc, char** argv)
{
  (void)argv;
#ifndef pthread_create
  return ((int*)(&pthread_create))[argc];
#else
  (void)argc;
  return 0;
#endif
}

Determining if the function pthread_create exists in the pthreads failed with the following output:
Change Dir: /home/ee106/ros_ws/security/build/CMakeFiles/CMakeTmp

Run Build Command:/usr/bin/make "cmTryCompileExec1301491956/fast"
/usr/bin/make -f CMakeFiles/cmTryCompileExec1301491956.dir/build.make CMakeFiles/cmTryCompileExec1301491956.dir/build
make[1]: Entering directory `/home/ee106/ros_ws/security/build/CMakeFiles/CMakeTmp'
/usr/bin/cmake -E cmake_progress_report /home/ee106/ros_ws/security/build/CMakeFiles/CMakeTmp/CMakeFiles 1
Building C object CMakeFiles/cmTryCompileExec1301491956.dir/CheckFunctionExists.c.o
/usr/bin/cc   -DCHECK_FUNCTION_EXISTS=pthread_create   -o CMakeFiles/cmTryCompileExec1301491956.dir/CheckFunctionExists.c.o   -c /usr/share/cmake-2.8/Modules/CheckFunctionExists.c
Linking C executable cmTryCompileExec1301491956
/usr/bin/cmake -E cmake_link_script CMakeFiles/cmTryCompileExec1301491956.dir/link.txt --verbose=1
/usr/bin/cc   -DCHECK_FUNCTION_EXISTS=pthread_create    CMakeFiles/cmTryCompileExec1301491956.dir/CheckFunctionExists.c.o  -o cmTryCompileExec1301491956 -rdynamic -lpthreads 
/usr/bin/ld: cannot find -lpthreads
collect2: error: ld returned 1 exit status
make[1]: Leaving directory `/home/ee106/ros_ws/security/build/CMakeFiles/CMakeTmp'
make[1]: *** [cmTryCompileExec1301491956] Error 1
make: *** [cmTryCompileExec1301491956/fast] Error 2


